<?xml version="1.0" encoding="UTF-8"?>
<!-- Generated by org.testng.reporters.JUnitXMLReporter -->
<testsuite hostname="LAPTOP-13MQ7JB0" ignored="0" name="Command line test" tests="1" failures="0" timestamp="2021-02-27T20:42:07 IST" time="0.095" errors="0">
  <testcase name="@BeforeClass setUp" time="0.056" classname="dc.basic.BasicDemoTest">
    <failure type="java.net.MalformedURLException" message="no protocol: url/wd/hub">
      <![CDATA[java.net.MalformedURLException: no protocol: url/wd/hub
at java.net.URL.<init>(URL.java:610)
at java.net.URL.<init>(URL.java:507)
at java.net.URL.<init>(URL.java:456)
at dc.basic.BasicDemoTest.setUp(BasicDemoTest.java:26)
at java.util.ArrayList.forEach(ArrayList.java:1257)
... Removed 34 stack frames]]>
    </failure>
  </testcase> <!-- @BeforeClass setUp -->
  <testcase name="@AfterClass tearDown" time="-1.614438727158E9" classname="dc.basic.BasicDemoTest">
    <skipped/>
  </testcase> <!-- @AfterClass tearDown -->
  <testcase name="demoTest" time="0.0" classname="dc.basic.BasicDemoTest">
    <skipped/>
  </testcase> <!-- demoTest -->
</testsuite> <!-- Command line test -->
